2020-02-26 08:41:37.5090 ERROR Error occured. Message: File contains excess data
2020-02-26 08:53:28.9783 ERROR Error occured. Message: The conversion cannot be performed.
    Text: ''
    MemberType: 
    TypeConverter: 'CsvHelper.TypeConversion.Int32Converter'
2020-02-26 08:55:21.4888 ERROR Error occured. Message: File contains excess data
2020-02-26 08:55:52.9688 ERROR Error occured. Message: File contains excess data
2020-02-26 09:54:04.2722 ERROR Error occured. Message: File contains excess data
2020-02-26 09:54:35.8041 ERROR Error occured. Message: The conversion cannot be performed.
    Text: ''
    MemberType: 
    TypeConverter: 'CsvHelper.TypeConversion.Int32Converter'
2020-02-26 09:54:51.3045 ERROR Error occured. Message: File contains excess data
2020-02-26 09:55:08.1811 ERROR Error occured. Message: File contains excess data
2020-02-26 10:07:31.6628 ERROR Error occured. Message: The conversion cannot be performed.
    Text: ''
    MemberType: 
    TypeConverter: 'CsvHelper.TypeConversion.Int32Converter'
2020-02-26 10:10:11.9007 ERROR Error occured. Message: The conversion cannot be performed.
    Text: ''
    MemberType: 
    TypeConverter: 'CsvHelper.TypeConversion.Int32Converter'
